<?xml version="1.0" encoding="UTF-8"?>
<!-- Generated by org.testng.reporters.JUnitReportReporter -->
<testsuite hostname="LAPTOP-NNQF56CK" name="tests.APIsample" tests="1" failures="0" timestamp="31 Jul 2023 06:48:03 GMT" time="1.679" errors="0">
  <testcase name="testGetRequest" time="1.679" classname="tests.APIsample"/>
</testsuite> <!-- tests.APIsample -->
