<?xml version="1.0" encoding="UTF-8"?>
<!-- Generated by org.testng.reporters.JUnitReportReporter -->
<testsuite hostname="AmerkhanPC" failures="0" tests="7" name="tests.Manual_SKR_Generate" time="376.870" errors="0" timestamp="2023-08-22T15:49:56 IST" skipped="0">
  <testcase classname="tests.Manual_SKR_Generate" name="testAuth" time="2.841"/>
  <testcase classname="tests.Manual_SKR_Generate" name="testVerify2FA" time="4.867"/>
  <testcase classname="tests.Manual_SKR_Generate" name="getuserId" time="2.539"/>
  <testcase classname="tests.Manual_SKR_Generate" name="createSKR" time="1.648"/>
  <testcase classname="tests.Manual_SKR_Generate" name="getKeyDetails" time="2.369"/>
  <testcase classname="tests.Manual_SKR_Generate" name="getCodeDeliveryStatus" time="361.399"/>
  <testcase classname="tests.Manual_SKR_Generate" name="smartthingsverification" time="1.207"/>
</testsuite> <!-- tests.Manual_SKR_Generate -->
