<?xml version="1.0" encoding="UTF-8"?>
<!-- Generated by org.testng.reporters.JUnitReportReporter -->
<testsuite hostname="AmerkhanPC" failures="0" tests="3" name="tests.edge.Manual_GKR_Delete" time="8.215" errors="0" timestamp="2023-09-06T11:24:56 IST" skipped="0">
  <testcase classname="tests.edge.Manual_GKR_Delete" name="testAuth" time="4.133"/>
  <testcase classname="tests.edge.Manual_GKR_Delete" name="testVerify2FA" time="1.503"/>
  <testcase classname="tests.edge.Manual_GKR_Delete" name="DeleteKeys" time="2.579"/>
</testsuite> <!-- tests.edge.Manual_GKR_Delete -->
