<?xml version="1.0" encoding="UTF-8"?>
<!-- Generated by org.testng.reporters.JUnitReportReporter -->
<testsuite hostname="AmerkhanPC" failures="0" tests="6" name="tests.Manual_GKR_Generate" time="316.051" errors="0" timestamp="2023-09-05T13:00:20 IST" skipped="0">
  <testcase classname="tests.Manual_GKR_Generate" name="testAuth" time="4.884"/>
  <testcase classname="tests.Manual_GKR_Generate" name="testVerify2FA" time="2.052"/>
  <testcase classname="tests.Manual_GKR_Generate" name="createGKR" time="2.572"/>
  <testcase classname="tests.Manual_GKR_Generate" name="getKeyDetails" time="302.657"/>
  <testcase classname="tests.Manual_GKR_Generate" name="getCodeDeliveryStatus" time="2.238"/>
  <testcase classname="tests.Manual_GKR_Generate" name="smartthingsverification" time="1.648"/>
</testsuite> <!-- tests.Manual_GKR_Generate -->
