<?xml version="1.0" encoding="UTF-8"?>
<!-- Generated by org.testng.reporters.JUnitReportReporter -->
<testsuite hostname="AmerkhanPC" failures="0" tests="5" name="tests.Guest_master_code_Generation" time="190.920" errors="0" timestamp="2023-09-04T11:16:05 IST" skipped="0">
  <testcase classname="tests.Guest_master_code_Generation" name="testAuth" time="2.841"/>
  <testcase classname="tests.Guest_master_code_Generation" name="testVerify2FA" time="1.733"/>
  <testcase classname="tests.Guest_master_code_Generation" name="Generate_Guest_Master_codes" time="1.699"/>
  <testcase classname="tests.Guest_master_code_Generation" name="getGMCDetails" time="181.506"/>
  <testcase classname="tests.Guest_master_code_Generation" name="getCodeDeliveryStatus" time="3.141"/>
</testsuite> <!-- tests.Guest_master_code_Generation -->
