<?xml version="1.0" encoding="UTF-8"?>
<!-- Generated by org.testng.reporters.JUnitReportReporter -->
<testsuite hostname="AmerkhanPC" failures="0" tests="7" name="tests.Fire_safety_code_generationTest" time="138.353" errors="0" timestamp="2023-08-17T11:14:23 IST" skipped="2">
  <testcase classname="tests.Fire_safety_code_generationTest" name="testAuth" time="2.789"/>
  <testcase classname="tests.Fire_safety_code_generationTest" name="testVerify2FA" time="4.904"/>
  <testcase classname="tests.Fire_safety_code_generationTest" name="Generate_Fire_Safety_codes" time="5.284"/>
  <testcase classname="tests.Fire_safety_code_generationTest" name="FSCDetails" time="61.396"/>
  <testcase classname="tests.Fire_safety_code_generationTest" name="getCodeDeliveryStatus" time="63.980"/>
  <testcase classname="tests.Fire_safety_code_generationTest" name="deviceIds">
    <skipped/>
  </testcase> <!-- deviceIds -->
  <testcase classname="tests.Fire_safety_code_generationTest" name="smartthingsverification">
    <skipped/>
  </testcase> <!-- smartthingsverification -->
</testsuite> <!-- tests.Fire_safety_code_generationTest -->
