<?xml version="1.0" encoding="UTF-8"?>
<!-- Generated by org.testng.reporters.JUnitReportReporter -->
<testsuite hostname="AmerkhanPC" failures="0" tests="3" name="pmsLockCodeDelivery.pms_Gkr_Code_ConfirmationTesting" time="17.325" errors="0" timestamp="2023-09-07T17:33:17 IST" skipped="0">
  <testcase classname="pmsLockCodeDelivery.pms_Gkr_Code_ConfirmationTesting" name="testAuth" time="2.666"/>
  <testcase classname="pmsLockCodeDelivery.pms_Gkr_Code_ConfirmationTesting" name="testVerify2FA" time="1.384"/>
  <testcase classname="pmsLockCodeDelivery.pms_Gkr_Code_ConfirmationTesting" name="getKeyAndVerifyCodeDelivery" time="13.275"/>
</testsuite> <!-- pmsLockCodeDelivery.pms_Gkr_Code_ConfirmationTesting -->
