<?xml version="1.0" encoding="UTF-8"?>
<!-- Generated by org.testng.reporters.JUnitReportReporter -->
<testsuite hostname="AmerkhanPC" failures="0" tests="17" name="deviceThreadApi.Zones" time="13.405" errors="0" timestamp="2023-09-19T18:26:36 IST" skipped="14">
  <testcase classname="deviceThreadApi.Zones" name="testAuth" time="2.726"/>
  <testcase classname="deviceThreadApi.Zones" name="testVerify2FA" time="1.512"/>
  <testcase classname="deviceThreadApi.Zones" name="getSubZonesForZoneWithDeviceStatus" time="9.167"/>
  <testcase classname="deviceThreadApi.Zones" name="getRecentZonesInProperty">
    <skipped/>
  </testcase> <!-- getRecentZonesInProperty -->
  <testcase classname="deviceThreadApi.Zones" name="getZoneDetails">
    <skipped/>
  </testcase> <!-- getZoneDetails -->
  <testcase classname="deviceThreadApi.Zones" name="moveDeviceToAnotherZone">
    <skipped/>
  </testcase> <!-- moveDeviceToAnotherZone -->
  <testcase classname="deviceThreadApi.Zones" name="getZoneInProperty">
    <skipped/>
  </testcase> <!-- getZoneInProperty -->
  <testcase classname="deviceThreadApi.Zones" name="moveZoneToAnotherZone">
    <skipped/>
  </testcase> <!-- moveZoneToAnotherZone -->
  <testcase classname="deviceThreadApi.Zones" name="getIssueForZone">
    <skipped/>
  </testcase> <!-- getIssueForZone -->
  <testcase classname="deviceThreadApi.Zones" name="addZone">
    <skipped/>
  </testcase> <!-- addZone -->
  <testcase classname="deviceThreadApi.Zones" name="deleteZone">
    <skipped/>
  </testcase> <!-- deleteZone -->
  <testcase classname="deviceThreadApi.Zones" name="updatezone">
    <skipped/>
  </testcase> <!-- updatezone -->
  <testcase classname="deviceThreadApi.Zones" name="getZoneTypesForZone">
    <skipped/>
  </testcase> <!-- getZoneTypesForZone -->
  <testcase classname="deviceThreadApi.Zones" name="getPropertyZonesbyZoneTypes">
    <skipped/>
  </testcase> <!-- getPropertyZonesbyZoneTypes -->
  <testcase classname="deviceThreadApi.Zones" name="getZoneCountInProperty">
    <skipped/>
  </testcase> <!-- getZoneCountInProperty -->
  <testcase classname="deviceThreadApi.Zones" name="getChildZones">
    <skipped/>
  </testcase> <!-- getChildZones -->
  <testcase classname="deviceThreadApi.Zones" name="addDevicesToZone">
    <skipped/>
  </testcase> <!-- addDevicesToZone -->
</testsuite> <!-- deviceThreadApi.Zones -->
