<?xml version="1.0" encoding="UTF-8"?>
<!-- Generated by org.testng.reporters.JUnitReportReporter -->
<testsuite hostname="AmerkhanPC" failures="0" tests="6" name="manualLockCodeDelivery.Common_LockCode_Generation" time="446.819" errors="0" timestamp="2023-09-14T13:32:09 IST" skipped="0">
  <testcase classname="manualLockCodeDelivery.Common_LockCode_Generation" name="testAuth" time="4.240"/>
  <testcase classname="manualLockCodeDelivery.Common_LockCode_Generation" name="testVerify2FA" time="1.384"/>
  <testcase classname="manualLockCodeDelivery.Common_LockCode_Generation" name="Generate_Common_Lock_codes" time="73.435"/>
  <testcase classname="manualLockCodeDelivery.Common_LockCode_Generation" name="CLCDetails" time="361.431"/>
  <testcase classname="manualLockCodeDelivery.Common_LockCode_Generation" name="getCodeDeliveryStatus" time="2.507"/>
  <testcase classname="manualLockCodeDelivery.Common_LockCode_Generation" name="DeleteMastercode" time="3.822"/>
</testsuite> <!-- manualLockCodeDelivery.Common_LockCode_Generation -->
