<?xml version="1.0" encoding="UTF-8"?>
<!-- Generated by org.testng.reporters.JUnitReportReporter -->
<testsuite hostname="AmerkhanPC" failures="0" tests="4" name="tests.edge.DeleteLockCodesFromSmarthings" time="530.180" errors="0" timestamp="2023-09-12T18:56:28 IST" skipped="0">
  <testcase classname="tests.edge.DeleteLockCodesFromSmarthings" name="testAuth" time="2.997"/>
  <testcase classname="tests.edge.DeleteLockCodesFromSmarthings" name="testVerify2FA" time="2.533"/>
  <testcase classname="tests.edge.DeleteLockCodesFromSmarthings" name="getDeviceId" time="1.495"/>
  <testcase classname="tests.edge.DeleteLockCodesFromSmarthings" name="smartthingsverification" time="523.155"/>
</testsuite> <!-- tests.edge.DeleteLockCodesFromSmarthings -->
