<?xml version="1.0" encoding="UTF-8"?>
<!-- Generated by org.testng.reporters.JUnitReportReporter -->
<testsuite hostname="AmerkhanPC" failures="0" tests="3" name="tests.pms_Gkr_Code_ConfirmationTest" time="21.361" errors="0" timestamp="2023-08-29T15:45:35 IST" skipped="0">
  <testcase classname="tests.pms_Gkr_Code_ConfirmationTest" name="testAuth" time="4.365"/>
  <testcase classname="tests.pms_Gkr_Code_ConfirmationTest" name="testVerify2FA" time="1.663"/>
  <testcase classname="tests.pms_Gkr_Code_ConfirmationTest" name="getKey" time="15.333"/>
</testsuite> <!-- tests.pms_Gkr_Code_ConfirmationTest -->
