<?xml version="1.0" encoding="UTF-8"?>
<!-- Generated by org.testng.reporters.JUnitReportReporter -->
<testsuite hostname="AmerkhanPC" failures="0" tests="5" name="tests.Fire_safety_code_generationAndCodeConformationForMultipleDevices" time="143.252" errors="0" timestamp="2023-08-22T16:27:42 IST" skipped="0">
  <testcase classname="tests.Fire_safety_code_generationAndCodeConformationForMultipleDevices" name="testAuth" time="3.793"/>
  <testcase classname="tests.Fire_safety_code_generationAndCodeConformationForMultipleDevices" name="testVerify2FA" time="1.452"/>
  <testcase classname="tests.Fire_safety_code_generationAndCodeConformationForMultipleDevices" name="Generate_Fire_Safety_codes" time="1.761"/>
  <testcase classname="tests.Fire_safety_code_generationAndCodeConformationForMultipleDevices" name="FSCDetails" time="61.455"/>
  <testcase classname="tests.Fire_safety_code_generationAndCodeConformationForMultipleDevices" name="getCodeDeliveryStatus" time="74.791"/>
</testsuite> <!-- tests.Fire_safety_code_generationAndCodeConformationForMultipleDevices -->
