<?xml version="1.0" encoding="UTF-8"?>
<!-- Generated by org.testng.reporters.JUnitReportReporter -->
<testsuite hostname="AmerkhanPC" failures="0" tests="7" name="manualLockCodeDelivery.Common_LockCode_Regeneration" time="470.163" errors="0" timestamp="2023-09-14T13:32:09 IST" skipped="0">
  <testcase classname="manualLockCodeDelivery.Common_LockCode_Regeneration" name="testAuth" time="4.240"/>
  <testcase classname="manualLockCodeDelivery.Common_LockCode_Regeneration" name="testVerify2FA" time="1.431"/>
  <testcase classname="manualLockCodeDelivery.Common_LockCode_Regeneration" name="Generate_Common_Lock_codes" time="87.436"/>
  <testcase classname="manualLockCodeDelivery.Common_LockCode_Regeneration" name="RegenerateClc" time="10.180"/>
  <testcase classname="manualLockCodeDelivery.Common_LockCode_Regeneration" name="CLCDetails" time="361.426"/>
  <testcase classname="manualLockCodeDelivery.Common_LockCode_Regeneration" name="getCodeDeliveryStatus" time="2.503"/>
  <testcase classname="manualLockCodeDelivery.Common_LockCode_Regeneration" name="DeleteMastercode" time="2.947"/>
</testsuite> <!-- manualLockCodeDelivery.Common_LockCode_Regeneration -->
