<?xml version="1.0" encoding="UTF-8"?>
<!-- Generated by org.testng.reporters.JUnitReportReporter -->
<testsuite hostname="AmerkhanPC" failures="0" tests="6" name="manualLockCodeDelivery.Guest_master_code_Generation" time="425.011" errors="0" timestamp="2023-09-14T13:32:09 IST" skipped="0">
  <testcase classname="manualLockCodeDelivery.Guest_master_code_Generation" name="testAuth" time="6.162"/>
  <testcase classname="manualLockCodeDelivery.Guest_master_code_Generation" name="testVerify2FA" time="1.412"/>
  <testcase classname="manualLockCodeDelivery.Guest_master_code_Generation" name="Generate_Guest_Master_codes" time="50.684"/>
  <testcase classname="manualLockCodeDelivery.Guest_master_code_Generation" name="getGMCDetails" time="361.393"/>
  <testcase classname="manualLockCodeDelivery.Guest_master_code_Generation" name="getCodeDeliveryStatus" time="2.508"/>
  <testcase classname="manualLockCodeDelivery.Guest_master_code_Generation" name="DeleteMastercode" time="2.852"/>
</testsuite> <!-- manualLockCodeDelivery.Guest_master_code_Generation -->
