<?xml version="1.0" encoding="UTF-8"?>
<!-- Generated by org.testng.reporters.JUnitReportReporter -->
<testsuite hostname="LAPTOP-NNQF56CK" name="tests.Manual_GKR_Regeneration" tests="5" failures="0" timestamp="8 Aug 2023 11:49:53 GMT" time="8.840" errors="0">
  <testcase name="testVerify2FA" time="1.193" classname="tests.Manual_GKR_Regeneration"/>
  <testcase name="testAuth" time="3.520" classname="tests.Manual_GKR_Regeneration"/>
  <testcase name="createGKR" time="1.584" classname="tests.Manual_GKR_Regeneration"/>
  <testcase name="getKeyDetails" time="1.233" classname="tests.Manual_GKR_Regeneration"/>
  <testcase name="keyRegenerate" time="1.310" classname="tests.Manual_GKR_Regeneration"/>
</testsuite> <!-- tests.Manual_GKR_Regeneration -->
