<?xml version="1.0" encoding="UTF-8"?>
<!-- Generated by org.testng.reporters.JUnitReportReporter -->
<testsuite hostname="AmerkhanPC" failures="0" tests="3" name="pmsLockCodeDelivery.pms_Gkr_Code_Regeneration" time="1149.153" errors="0" timestamp="2023-09-07T17:33:17 IST" skipped="0">
  <testcase classname="pmsLockCodeDelivery.pms_Gkr_Code_Regeneration" name="testAuth" time="1.546"/>
  <testcase classname="pmsLockCodeDelivery.pms_Gkr_Code_Regeneration" name="testVerify2FA" time="2.348"/>
  <testcase classname="pmsLockCodeDelivery.pms_Gkr_Code_Regeneration" name="getKeyAndVerifyCodeDelivery" time="1145.259"/>
</testsuite> <!-- pmsLockCodeDelivery.pms_Gkr_Code_Regeneration -->
