<?xml version="1.0" encoding="UTF-8"?>
<!-- Generated by org.testng.reporters.JUnitReportReporter -->
<testsuite hostname="LAPTOP-NNQF56CK" name="tests.Example" tests="1" failures="0" timestamp="8 Aug 2023 11:39:11 GMT" time="0.056" errors="0">
  <testcase name="check" time="0.056" classname="tests.Example"/>
</testsuite> <!-- tests.Example -->
