<?xml version="1.0" encoding="UTF-8"?>
<!-- Generated by org.testng.reporters.JUnitReportReporter -->
<testsuite hostname="AmerkhanPC" failures="0" tests="6" name="tests.Manual_SKR_Expiration" time="554.361" errors="0" timestamp="2023-09-01T16:14:04 IST" skipped="0">
  <testcase classname="tests.Manual_SKR_Expiration" name="testAuth" time="2.934"/>
  <testcase classname="tests.Manual_SKR_Expiration" name="testVerify2FA" time="1.366"/>
  <testcase classname="tests.Manual_SKR_Expiration" name="getuserId" time="1.492"/>
  <testcase classname="tests.Manual_SKR_Expiration" name="createSKR" time="1.617"/>
  <testcase classname="tests.Manual_SKR_Expiration" name="getKeyDetails" time="541.403"/>
  <testcase classname="tests.Manual_SKR_Expiration" name="getCodeDeliveryStatus" time="5.549"/>
</testsuite> <!-- tests.Manual_SKR_Expiration -->
