<?xml version="1.0" encoding="UTF-8"?>
<!-- Generated by org.testng.reporters.JUnitReportReporter -->
<testsuite hostname="AmerkhanPC" failures="0" tests="5" name="manualLockCodeDelivery.Manual_GKR_Generate" time="373.105" errors="0" timestamp="2023-09-14T13:44:06 IST" skipped="0">
  <testcase classname="manualLockCodeDelivery.Manual_GKR_Generate" name="testAuth" time="3.161"/>
  <testcase classname="manualLockCodeDelivery.Manual_GKR_Generate" name="testVerify2FA" time="1.388"/>
  <testcase classname="manualLockCodeDelivery.Manual_GKR_Generate" name="createGKR" time="3.416"/>
  <testcase classname="manualLockCodeDelivery.Manual_GKR_Generate" name="getKeyDetails" time="361.493"/>
  <testcase classname="manualLockCodeDelivery.Manual_GKR_Generate" name="getCodeDeliveryStatus" time="3.647"/>
</testsuite> <!-- manualLockCodeDelivery.Manual_GKR_Generate -->
