<?xml version="1.0" encoding="UTF-8"?>
<!-- Generated by org.testng.reporters.JUnitReportReporter -->
<testsuite hostname="AmerkhanPC" failures="0" tests="17" name="deviceThreadApi.Devices" time="5.753" errors="0" timestamp="2023-09-19T11:47:07 IST" skipped="14">
  <testcase classname="deviceThreadApi.Devices" name="testAuth" time="2.701"/>
  <testcase classname="deviceThreadApi.Devices" name="testVerify2FA" time="1.433"/>
  <testcase classname="deviceThreadApi.Devices" name="addDevicesToZone" time="1.619"/>
  <testcase classname="deviceThreadApi.Devices" name="RenameDevice">
    <skipped/>
  </testcase> <!-- RenameDevice -->
  <testcase classname="deviceThreadApi.Devices" name="DeleteDevicesforzone">
    <skipped/>
  </testcase> <!-- DeleteDevicesforzone -->
  <testcase classname="deviceThreadApi.Devices" name="getIssueForZone">
    <skipped/>
  </testcase> <!-- getIssueForZone -->
  <testcase classname="deviceThreadApi.Devices" name="moveDeviceToAnotherZone">
    <skipped/>
  </testcase> <!-- moveDeviceToAnotherZone -->
  <testcase classname="deviceThreadApi.Devices" name="getLockStatusfromSmartThings">
    <skipped/>
  </testcase> <!-- getLockStatusfromSmartThings -->
  <testcase classname="deviceThreadApi.Devices" name="Refreshlockstatus">
    <skipped/>
  </testcase> <!-- Refreshlockstatus -->
  <testcase classname="deviceThreadApi.Devices" name="getAllDeviceshubsandzonesforproperty">
    <skipped/>
  </testcase> <!-- getAllDeviceshubsandzonesforproperty -->
  <testcase classname="deviceThreadApi.Devices" name="getdeviceactivity">
    <skipped/>
  </testcase> <!-- getdeviceactivity -->
  <testcase classname="deviceThreadApi.Devices" name="getDeviceBatteryStatus">
    <skipped/>
  </testcase> <!-- getDeviceBatteryStatus -->
  <testcase classname="deviceThreadApi.Devices" name="getissuecountsforproperty">
    <skipped/>
  </testcase> <!-- getissuecountsforproperty -->
  <testcase classname="deviceThreadApi.Devices" name="getAllDevicesFromZone">
    <skipped/>
  </testcase> <!-- getAllDevicesFromZone -->
  <testcase classname="deviceThreadApi.Devices" name="Deviceaction">
    <skipped/>
  </testcase> <!-- Deviceaction -->
  <testcase classname="deviceThreadApi.Devices" name="getissueforproperty">
    <skipped/>
  </testcase> <!-- getissueforproperty -->
  <testcase classname="deviceThreadApi.Devices" name="getAllDevicesforproperty">
    <skipped/>
  </testcase> <!-- getAllDevicesforproperty -->
</testsuite> <!-- deviceThreadApi.Devices -->
