<?xml version="1.0" encoding="UTF-8"?>
<!-- Generated by org.testng.reporters.JUnitReportReporter -->
<testsuite hostname="LAPTOP-NNQF56CK" name="api.dt.tests.APIsample" tests="1" failures="0" timestamp="31 Jul 2023 06:35:51 GMT" time="1.623" errors="0">
  <testcase name="testGetRequest" time="1.623" classname="api.dt.tests.APIsample"/>
</testsuite> <!-- api.dt.tests.APIsample -->
