<?xml version="1.0" encoding="UTF-8"?>
<!-- Generated by org.testng.reporters.JUnitReportReporter -->
<testsuite hostname="AmerkhanPC" failures="0" tests="7" name="manualLockCodeDelivery.Manual_GKR_Regeneration" time="389.489" errors="0" timestamp="2023-09-14T13:32:09 IST" skipped="0">
  <testcase classname="manualLockCodeDelivery.Manual_GKR_Regeneration" name="testAuth" time="4.241"/>
  <testcase classname="manualLockCodeDelivery.Manual_GKR_Regeneration" name="testVerify2FA" time="1.405"/>
  <testcase classname="manualLockCodeDelivery.Manual_GKR_Regeneration" name="createGKR" time="8.776"/>
  <testcase classname="manualLockCodeDelivery.Manual_GKR_Regeneration" name="getKeyId" time="1.429"/>
  <testcase classname="manualLockCodeDelivery.Manual_GKR_Regeneration" name="getKeyDetails" time="1.415"/>
  <testcase classname="manualLockCodeDelivery.Manual_GKR_Regeneration" name="keyRegenerate" time="8.459"/>
  <testcase classname="manualLockCodeDelivery.Manual_GKR_Regeneration" name="getCodeDeliveryStatus" time="363.764"/>
</testsuite> <!-- manualLockCodeDelivery.Manual_GKR_Regeneration -->
