<?xml version="1.0" encoding="UTF-8"?>
<!-- Generated by org.testng.reporters.JUnitReportReporter -->
<testsuite hostname="AmerkhanPC" failures="0" tests="14" name="deviceThreadApi.properties" time="6.813" errors="0" timestamp="2023-09-20T10:17:57 IST" skipped="11">
  <testcase classname="deviceThreadApi.properties" name="testAuth" time="3.237"/>
  <testcase classname="deviceThreadApi.properties" name="testVerify2FA" time="1.739"/>
  <testcase classname="deviceThreadApi.properties" name="getPropertyById" time="1.837"/>
  <testcase classname="deviceThreadApi.properties" name="moveZoneToAnotherZone">
    <skipped/>
  </testcase> <!-- moveZoneToAnotherZone -->
  <testcase classname="deviceThreadApi.properties" name="getSubZonesForZoneWithDeviceStatus">
    <skipped/>
  </testcase> <!-- getSubZonesForZoneWithDeviceStatus -->
  <testcase classname="deviceThreadApi.properties" name="addZone">
    <skipped/>
  </testcase> <!-- addZone -->
  <testcase classname="deviceThreadApi.properties" name="getPropertyZonesbyZoneTypes">
    <skipped/>
  </testcase> <!-- getPropertyZonesbyZoneTypes -->
  <testcase classname="deviceThreadApi.properties" name="deleteZone">
    <skipped/>
  </testcase> <!-- deleteZone -->
  <testcase classname="deviceThreadApi.properties" name="getZoneTypesForZone">
    <skipped/>
  </testcase> <!-- getZoneTypesForZone -->
  <testcase classname="deviceThreadApi.properties" name="getRecentZonesInProperty">
    <skipped/>
  </testcase> <!-- getRecentZonesInProperty -->
  <testcase classname="deviceThreadApi.properties" name="updatezone">
    <skipped/>
  </testcase> <!-- updatezone -->
  <testcase classname="deviceThreadApi.properties" name="getAllProperties">
    <skipped/>
  </testcase> <!-- getAllProperties -->
  <testcase classname="deviceThreadApi.properties" name="getZoneDetails">
    <skipped/>
  </testcase> <!-- getZoneDetails -->
  <testcase classname="deviceThreadApi.properties" name="getChildZones">
    <skipped/>
  </testcase> <!-- getChildZones -->
</testsuite> <!-- deviceThreadApi.properties -->
