<?xml version="1.0" encoding="UTF-8"?>
<!-- Generated by org.testng.reporters.JUnitReportReporter -->
<testsuite hostname="AmerkhanPC" failures="0" tests="5" name="tests.Manual_GKR_Expire" time="554.816" errors="0" timestamp="2023-08-31T18:06:31 IST" skipped="0">
  <testcase classname="tests.Manual_GKR_Expire" name="testAuth" time="2.805"/>
  <testcase classname="tests.Manual_GKR_Expire" name="testVerify2FA" time="1.411"/>
  <testcase classname="tests.Manual_GKR_Expire" name="createGKR" time="1.872"/>
  <testcase classname="tests.Manual_GKR_Expire" name="getKeyDetails" time="1.490"/>
  <testcase classname="tests.Manual_GKR_Expire" name="getCodeDeliveryStatus" time="547.238"/>
</testsuite> <!-- tests.Manual_GKR_Expire -->
