<?xml version="1.0" encoding="UTF-8"?>
<!-- Generated by org.testng.reporters.JUnitReportReporter -->
<testsuite hostname="LAPTOP-NNQF56CK" name="tests.JsonExample" tests="1" failures="0" timestamp="8 Aug 2023 10:20:57 GMT" time="0.078" errors="0">
  <testcase name="check" time="0.078" classname="tests.JsonExample"/>
</testsuite> <!-- tests.JsonExample -->
