<?xml version="1.0" encoding="UTF-8"?>
<!-- Generated by org.testng.reporters.JUnitReportReporter -->
<testsuite hostname="AmerkhanPC" failures="0" tests="5" name="tests.Common_LockCode_Generation" time="225.298" errors="0" timestamp="2023-08-21T18:25:05 IST" skipped="0">
  <testcase classname="tests.Common_LockCode_Generation" name="testAuth" time="3.042"/>
  <testcase classname="tests.Common_LockCode_Generation" name="testVerify2FA" time="1.500"/>
  <testcase classname="tests.Common_LockCode_Generation" name="Generate_Common_Lock_codes" time="4.359"/>
  <testcase classname="tests.Common_LockCode_Generation" name="CLCDetails" time="181.716"/>
  <testcase classname="tests.Common_LockCode_Generation" name="getCodeDeliveryStatus" time="34.681"/>
</testsuite> <!-- tests.Common_LockCode_Generation -->
