<?xml version="1.0" encoding="UTF-8"?>
<!-- Generated by org.testng.reporters.JUnitReportReporter -->
<testsuite hostname="AmerkhanPC" failures="0" tests="5" name="tests.Common_LockCode_Regeneration" time="223.203" errors="0" timestamp="2023-08-22T11:59:49 IST" skipped="0">
  <testcase classname="tests.Common_LockCode_Regeneration" name="testAuth" time="2.894"/>
  <testcase classname="tests.Common_LockCode_Regeneration" name="testVerify2FA" time="1.386"/>
  <testcase classname="tests.Common_LockCode_Regeneration" name="Generate_Common_Lock_codes" time="3.633"/>
  <testcase classname="tests.Common_LockCode_Regeneration" name="CLCDetails" time="181.522"/>
  <testcase classname="tests.Common_LockCode_Regeneration" name="getCodeDeliveryStatus" time="33.768"/>
</testsuite> <!-- tests.Common_LockCode_Regeneration -->
