<?xml version="1.0" encoding="UTF-8"?>
<!-- Generated by org.testng.reporters.JUnitReportReporter -->
<testsuite hostname="AmerkhanPC" failures="0" tests="9" name="manualLockCodeDelivery.Manual_SKR_Regenerate" time="433.005" errors="0" timestamp="2023-09-14T13:32:09 IST" skipped="1">
  <testcase classname="manualLockCodeDelivery.Manual_SKR_Regenerate" name="testAuth" time="4.241"/>
  <testcase classname="manualLockCodeDelivery.Manual_SKR_Regenerate" name="testVerify2FA" time="1.374"/>
  <testcase classname="manualLockCodeDelivery.Manual_SKR_Regenerate" name="getuserId" time="1.444"/>
  <testcase classname="manualLockCodeDelivery.Manual_SKR_Regenerate" name="createSKR" time="36.660"/>
  <testcase classname="manualLockCodeDelivery.Manual_SKR_Regenerate" name="getKeyDetails" time="1.405"/>
  <testcase classname="manualLockCodeDelivery.Manual_SKR_Regenerate" name="keyRegenerate" time="19.197"/>
  <testcase classname="manualLockCodeDelivery.Manual_SKR_Regenerate" name="getCodeDeliveryStatus" time="365.612"/>
  <testcase classname="manualLockCodeDelivery.Manual_SKR_Regenerate" name="DeleteKeys" time="3.072"/>
  <testcase classname="manualLockCodeDelivery.Manual_SKR_Regenerate" name="getKeyId">
    <skipped/>
  </testcase> <!-- getKeyId -->
</testsuite> <!-- manualLockCodeDelivery.Manual_SKR_Regenerate -->
