<?xml version="1.0" encoding="UTF-8"?>
<!-- Generated by org.testng.reporters.JUnitReportReporter -->
<testsuite hostname="LAPTOP-NNQF56CK" name="dt.api.tests.APIsample" tests="1" failures="0" timestamp="31 Jul 2023 06:30:55 GMT" time="1.503" errors="0">
  <testcase name="testGetRequest" time="1.503" classname="dt.api.tests.APIsample"/>
</testsuite> <!-- dt.api.tests.APIsample -->
