<?xml version="1.0" encoding="UTF-8"?>
<!-- Generated by org.testng.reporters.JUnitReportReporter -->
<testsuite hostname="AmerkhanPC" failures="0" tests="4" name="tests.edge.Generate_MultipleLockCodes" time="23.771" errors="0" timestamp="2023-08-31T15:49:52 IST" skipped="0">
  <testcase classname="tests.edge.Generate_MultipleLockCodes" name="testAuth" time="2.923"/>
  <testcase classname="tests.edge.Generate_MultipleLockCodes" name="testVerify2FA" time="1.537"/>
  <testcase classname="tests.edge.Generate_MultipleLockCodes" name="generate_multiple_codes" time="9.468"/>
  <testcase classname="tests.edge.Generate_MultipleLockCodes" name="generate_multiple_codes" time="9.843"/>
</testsuite> <!-- tests.edge.Generate_MultipleLockCodes -->
