<?xml version="1.0" encoding="UTF-8"?>
<!-- Generated by org.testng.reporters.JUnitReportReporter -->
<testsuite hostname="AmerkhanPC" failures="0" tests="6" name="manualLockCodeDelivery.Fire_safety_code_generation" time="475.098" errors="0" timestamp="2023-09-14T13:44:06 IST" skipped="0">
  <testcase classname="manualLockCodeDelivery.Fire_safety_code_generation" name="testAuth" time="3.161"/>
  <testcase classname="manualLockCodeDelivery.Fire_safety_code_generation" name="testVerify2FA" time="1.422"/>
  <testcase classname="manualLockCodeDelivery.Fire_safety_code_generation" name="Generate_Fire_Safety_codes" time="101.853"/>
  <testcase classname="manualLockCodeDelivery.Fire_safety_code_generation" name="FSCDetails" time="361.493"/>
  <testcase classname="manualLockCodeDelivery.Fire_safety_code_generation" name="getCodeDeliveryStatus" time="4.188"/>
  <testcase classname="manualLockCodeDelivery.Fire_safety_code_generation" name="DeleteMastercode" time="2.981"/>
</testsuite> <!-- manualLockCodeDelivery.Fire_safety_code_generation -->
