<?xml version="1.0" encoding="UTF-8"?>
<!-- Generated by org.testng.reporters.JUnitReportReporter -->
<testsuite hostname="AmerkhanPC" failures="0" tests="3" name="tests.pms_Gkr_Code_Confirmation" time="13.813" errors="0" timestamp="2023-09-04T10:18:17 IST" skipped="0">
  <testcase classname="tests.pms_Gkr_Code_Confirmation" name="testAuth" time="4.460"/>
  <testcase classname="tests.pms_Gkr_Code_Confirmation" name="testVerify2FA" time="2.873"/>
  <testcase classname="tests.pms_Gkr_Code_Confirmation" name="getKeyAndVerifyCodeDelivery" time="6.480"/>
</testsuite> <!-- tests.pms_Gkr_Code_Confirmation -->
