<?xml version="1.0" encoding="UTF-8"?>
<!-- Generated by org.testng.reporters.JUnitReportReporter -->
<testsuite hostname="AmerkhanPC" failures="0" tests="7" name="tests.Fire_safety_code_Regeneration" time="222.922" errors="0" timestamp="2023-08-22T16:40:43 IST" skipped="0">
  <testcase classname="tests.Fire_safety_code_Regeneration" name="testAuth" time="2.984"/>
  <testcase classname="tests.Fire_safety_code_Regeneration" name="testVerify2FA" time="1.397"/>
  <testcase classname="tests.Fire_safety_code_Regeneration" name="Generate_Fire_Safety_codes" time="2.756"/>
  <testcase classname="tests.Fire_safety_code_Regeneration" name="FscDetails" time="61.486"/>
  <testcase classname="tests.Fire_safety_code_Regeneration" name="FSCRegenerate" time="1.657"/>
  <testcase classname="tests.Fire_safety_code_Regeneration" name="getCodeDeliveryStatus" time="121.513"/>
  <testcase classname="tests.Fire_safety_code_Regeneration" name="smartthingsverification" time="31.129"/>
</testsuite> <!-- tests.Fire_safety_code_Regeneration -->
