<?xml version="1.0" encoding="UTF-8"?>
<!-- Generated by org.testng.reporters.JUnitReportReporter -->
<testsuite hostname="AmerkhanPC" failures="0" tests="4" name="tests.edge.SetLockCodeAndVerification" time="2217.573" errors="0" timestamp="2023-08-25T18:13:27 IST" skipped="0">
  <testcase classname="tests.edge.SetLockCodeAndVerification" name="testAuth" time="3.084"/>
  <testcase classname="tests.edge.SetLockCodeAndVerification" name="testVerify2FA" time="1.425"/>
  <testcase classname="tests.edge.SetLockCodeAndVerification" name="getDeviceId" time="1.486"/>
  <testcase classname="tests.edge.SetLockCodeAndVerification" name="SetLockCodes" time="2211.578"/>
</testsuite> <!-- tests.edge.SetLockCodeAndVerification -->
