<?xml version="1.0" encoding="UTF-8"?>
<!-- Generated by org.testng.reporters.JUnitReportReporter -->
<testsuite hostname="AmerkhanPC" failures="0" tests="6" name="tests.Fire_safety_code_generation" time="160.367" errors="0" timestamp="2023-08-11T13:43:31 IST" skipped="0">
  <testcase classname="tests.Fire_safety_code_generation" name="testAuth" time="2.915"/>
  <testcase classname="tests.Fire_safety_code_generation" name="testVerify2FA" time="1.491"/>
  <testcase classname="tests.Fire_safety_code_generation" name="Generate_Fire_Safety_codes" time="1.784"/>
  <testcase classname="tests.Fire_safety_code_generation" name="GMCDetails" time="61.434"/>
  <testcase classname="tests.Fire_safety_code_generation" name="getCodeDeliveryStatus" time="61.481"/>
  <testcase classname="tests.Fire_safety_code_generation" name="smartthingsverification" time="31.262"/>
</testsuite> <!-- tests.Fire_safety_code_generation -->
