<?xml version="1.0" encoding="UTF-8"?>
<!-- Generated by org.testng.reporters.JUnitReportReporter -->
<testsuite hostname="AmerkhanPC" failures="0" tests="5" name="tests.Guest_master_code" time="192.278" errors="0" timestamp="2023-08-23T13:47:39 IST" skipped="0">
  <testcase classname="tests.Guest_master_code" name="testAuth" time="2.782"/>
  <testcase classname="tests.Guest_master_code" name="testVerify2FA" time="1.368"/>
  <testcase classname="tests.Guest_master_code" name="Generate_Guest_Master_codes" time="1.795"/>
  <testcase classname="tests.Guest_master_code" name="getGMCDetails" time="181.451"/>
  <testcase classname="tests.Guest_master_code" name="getCodeDeliveryStatus" time="4.882"/>
</testsuite> <!-- tests.Guest_master_code -->
